<?xml version="1.0" encoding="UTF-8"?>
<!-- Generated by org.testng.reporters.JUnitXMLReporter -->
<testsuite ignored="0" hostname="DESKTOP-78GUNEG" failures="0" tests="4" name="Test" time="46.849" errors="0" timestamp="2021-04-14T21:54:05 EDT">
  <testcase classname="testCases.TC_003_LoginDDT" name="test_LoginDDT" time="5.073"/>
  <testcase classname="testCases.TC_003_LoginDDT" name="test_LoginDDT" time="11.79"/>
  <testcase classname="testCases.TC_003_LoginDDT" name="test_LoginDDT" time="11.706"/>
  <testcase classname="testCases.TC_003_LoginDDT" name="test_LoginDDT" time="11.727"/>
</testsuite> <!-- Test -->
