<?xml version="1.0" encoding="UTF-8"?>
<testng-results ignored="0" total="1" passed="1" failed="0" skipped="0">
  <reporter-output>
  </reporter-output>
  <suite started-at="2021-04-15T09:33:03 EDT" name="Failed suite [OpenCart Test Suit]" finished-at="2021-04-15T09:33:15 EDT" duration-ms="11907">
    <groups>
      <group name="regression">
        <method signature="TC_001_AccountRegistration.test_account_Registration()[pri:0, instance:testCases.TC_001_AccountRegistration@50b5ac82]" name="test_account_Registration" class="testCases.TC_001_AccountRegistration"/>
      </group> <!-- regression -->
      <group name="master">
        <method signature="TC_001_AccountRegistration.test_account_Registration()[pri:0, instance:testCases.TC_001_AccountRegistration@50b5ac82]" name="test_account_Registration" class="testCases.TC_001_AccountRegistration"/>
      </group> <!-- master -->
    </groups>
    <test started-at="2021-04-15T09:33:03 EDT" name="ChromeTest(failed)" finished-at="2021-04-15T09:33:15 EDT" duration-ms="11907">
      <class name="testCases.TC_001_AccountRegistration">
        <test-method is-config="true" signature="setUP(java.lang.String)[pri:0, instance:testCases.TC_001_AccountRegistration@50b5ac82]" started-at="2021-04-15T09:33:04 EDT" name="setUP" finished-at="2021-04-15T09:33:09 EDT" duration-ms="5133" status="PASS">
          <params>
            <param index="0">
              <value>
                <![CDATA[Chrome]]>
              </value>
            </param>
          </params>
          <reporter-output>
          </reporter-output>
        </test-method> <!-- setUP -->
        <test-method signature="test_account_Registration()[pri:0, instance:testCases.TC_001_AccountRegistration@50b5ac82]" started-at="2021-04-15T09:33:09 EDT" name="test_account_Registration" finished-at="2021-04-15T09:33:15 EDT" duration-ms="5908" status="PASS">
          <reporter-output>
          </reporter-output>
        </test-method> <!-- test_account_Registration -->
        <test-method is-config="true" signature="tearDown()[pri:0, instance:testCases.TC_001_AccountRegistration@50b5ac82]" started-at="2021-04-15T09:33:15 EDT" name="tearDown" finished-at="2021-04-15T09:33:15 EDT" duration-ms="101" status="PASS">
          <reporter-output>
          </reporter-output>
        </test-method> <!-- tearDown -->
      </class> <!-- testCases.TC_001_AccountRegistration -->
    </test> <!-- ChromeTest(failed) -->
  </suite> <!-- Failed suite [OpenCart Test Suit] -->
</testng-results>
